<?xml version="1.0" encoding="UTF-8"?>
<!-- Generated by org.testng.reporters.JUnitReportReporter -->
<testsuite hostname="LORD" name="com.testing.framework.datadriven.Random" tests="3" failures="0" timestamp="18 Oct 2014 21:57:04 GMT" time="0.037" errors="0">
  <testcase name="testApp" time="0.032" classname="com.testing.framework.datadriven.Random"/>
  <testcase name="testApp2" time="0.002" classname="com.testing.framework.datadriven.Random"/>
  <testcase name="testApp1" time="0.003" classname="com.testing.framework.datadriven.Random"/>
</testsuite> <!-- com.testing.framework.datadriven.Random -->
