<?xml version="1.0" encoding="UTF-8"?>
<!-- Generated by org.testng.reporters.JUnitReportReporter -->
<testsuite hostname="LORD" name="com.testing.framework.datadriven.TestRandom" tests="3" failures="0" timestamp="18 Oct 2014 22:24:35 GMT" time="0.026" errors="0">
  <testcase name="Testapp2" time="0.001" classname="com.testing.framework.datadriven.TestRandom"/>
  <testcase name="Testapp3" time="0.001" classname="com.testing.framework.datadriven.TestRandom"/>
  <testcase name="Testapp1" time="0.024" classname="com.testing.framework.datadriven.TestRandom"/>
</testsuite>
