<?xml version="1.0" encoding="UTF-8"?>
<!-- Generated by org.testng.reporters.JUnitReportReporter -->
<testsuite hostname="LORD" name="com.testing.framework.datadriven.suite1.Test3" tests="1" failures="0" timestamp="19 Oct 2014 08:30:51 GMT" time="0.002" errors="0">
  <testcase name="test3" time="0.002" classname="com.testing.framework.datadriven.suite1.Test3"/>
</testsuite>
