<?xml version="1.0" encoding="UTF-8"?>
<!-- Generated by org.testng.reporters.JUnitReportReporter -->
<testsuite hostname="LORD" name="com.testing.framework.datadriven.suite1.Test5" tests="1" failures="0" timestamp="19 Oct 2014 08:30:51 GMT" time="0.001" errors="0">
  <testcase name="test5" time="0.001" classname="com.testing.framework.datadriven.suite1.Test5"/>
</testsuite>
